<?xml version="1.0" encoding="UTF-8"?>
<!-- Generated by org.testng.reporters.JUnitXMLReporter -->
<testsuite ignored="3" hostname="DESKTOP-CUCO8IJ" failures="0" tests="1" name="Default test" time="3.277" errors="0" timestamp="2023-01-21T16:33:58 IST">
  <testcase classname="com.lao.BBD.rest_assured.GetAllEmployees" name="getAllEmployeesBBD" time="3.153"/>
  <testcase classname="com.lao.BBD.rest_assured.GetAllEmployees" name="createEmployeeFromJson" time="0.0">
    <ignored/>
  </testcase> <!-- createEmployeeFromJson -->
  <testcase classname="com.lao.BBD.rest_assured.GetAllEmployees" name="putAllEmployeesBBD" time="0.0">
    <ignored/>
  </testcase> <!-- putAllEmployeesBBD -->
  <testcase classname="com.lao.BBD.rest_assured.GetAllEmployees" name="postAllEmployeesBBD" time="0.0">
    <ignored/>
  </testcase> <!-- postAllEmployeesBBD -->
</testsuite> <!-- Default test -->
